2021/10/11 07:52:36 [emerg] 1#1: host not found in upstream "php" in /etc/nginx/conf.d/nginx.conf:9
2021/10/11 07:57:23 [notice] 1#1: using the "epoll" event method
2021/10/11 07:57:23 [notice] 1#1: nginx/1.21.3
2021/10/11 07:57:23 [notice] 1#1: built by gcc 8.3.0 (Debian 8.3.0-6) 
2021/10/11 07:57:23 [notice] 1#1: OS: Linux 5.10.16.3-microsoft-standard-WSL2
2021/10/11 07:57:23 [notice] 1#1: getrlimit(RLIMIT_NOFILE): 1048576:1048576
2021/10/11 07:57:23 [notice] 1#1: start worker processes
2021/10/11 07:57:23 [notice] 1#1: start worker process 24
2021/10/11 07:57:23 [notice] 1#1: start worker process 25
2021/10/11 07:57:23 [notice] 1#1: start worker process 26
2021/10/11 07:57:23 [notice] 1#1: start worker process 27
2021/10/11 07:57:23 [notice] 1#1: start worker process 28
2021/10/11 07:57:23 [notice] 1#1: start worker process 29
2021/10/11 08:08:46 [error] 24#24: *1 FastCGI sent in stderr: "PHP message: An Error occurred while handling another error:
yii\base\InvalidArgumentException: Invalid path alias: @dektrium/user/views in /app/vendor/yiisoft/yii2/BaseYii.php:154
Stack trace:
#0 /app/vendor/yiisoft/yii2/base/Theme.php(144): yii\BaseYii::getAlias('@dektrium/user/...')
#1 /app/vendor/yiisoft/yii2/base/" while reading upstream, client: 172.28.0.1, server: pmo.lli, request: "GET / HTTP/1.1", upstream: "fastcgi://172.28.0.6:9000", host: "pmo.lli"
2021/10/11 08:08:46 [error] 24#24: *1 FastCGI sent in stderr: "View.php(228): yii\base\Theme->applyTo('/app/vendor/yii...')
#2 /app/vendor/yiisoft/yii2/web/ErrorHandler.php(270): yii\base\View->renderFile('/app/vendor/yii...', Array, Object(yii\web\ErrorHandler))
#3 /app/vendor/yiisoft/yii2/web/ErrorHandler.php(127): yii\web\ErrorHandler->renderFile('@yii/views/erro...', Array)
#4 /app/vendor/yiisoft/yii2/base/ErrorHandler.php(135): yii\web\ErrorHandler->renderException(Object(yii\base\InvalidConfigException))
#5 [internal function]: yii\base\ErrorHandler->handleException(Object(yii\base\InvalidConfigException))
#6 {main}
Previous exception:
yii\base\InvalidConfigException: User::identityClass must be set. in /app/vendor/yiisoft/yii2/web/User.php:170
Stack trace:
#0 /app/vendor/yiisoft/yii2/base/BaseObject.php(109): yii\web\User->init()
#1 [internal function]: yii\base\BaseObject->__construct(Array)
#2 /app/vendor/yiisoft/yii2/di/Container.php(412): ReflectionClass->newInstanceArgs(Array)
#3 /app/vendor/yiisoft/yii2/di/Container.php(171): yii\di\Container->build('yii\\web\\User', Array, Array)
#4 /app/vendor/yiisoft/yii2/BaseYii.php(365): yii\di\Container->get('yii\\web\\User', Array, Array)
#5 /app/vendor/yiisoft/yii2/di/ServiceLocator.php(137): yii\BaseYii::createObject(Array)
#6 /app/vendor/yiisoft/yii2/base/Module.php(748): yii\di\ServiceLocator->get('user', true)
#7 /app/vendor/yiisoft/yii2/di/Instance.php(173): yii\base\Module->get('user')
#8 /app/vendor/yiisoft/yii2/di/Instance.php(145): yii\di\Instance->get(NULL)
#9 /app/vendor/yiisoft/yii2/filters/AccessControl.php(102): yii\di\Instance::ensure(Object(yii\di\Instance), 'yii\\web\\User')
#10 /app/vendor/yiisoft/yii2/base/BaseObject.php(109): yii\filters\AccessControl->init()
#11 [internal function]: yii\base\BaseObject->__construct(Array)
#12 /app/vendor/yiisoft/yii2/di/Container.php(420): ReflectionClass->newInstanceArgs(Array)
#13 /app/vendor/yiisoft/yii2/di/Container.php(171): yii\di\Container->build('yii\\filters\\Acc...', Array, Array)
#14 /app/vend
2021/10/11 08:08:46 [error] 24#24: *1 FastCGI sent in stderr: "xz.asc',
    'PHP_CPPFLAGS' => '-fstack-protector-strong -fpic -fpie -O2 -D_LARGEFILE_SOURCE -D_FILE_OFFSET_BITS=64',
    'OLDPWD' => '/var/www/html',
    '_' => '/usr/local/sbin/php-fpm',
    'USER' => 'www-data',
    'HTTP_ACCEPT_LANGUAGE' => 'ru,ru-RU;q=0.9,en-US;q=0.8,en;q=0.7',
    'HTTP_ACCEPT_ENCODING' => 'gzip, deflate',
    'HTTP_ACCEPT' => 'text/html,application/xhtml+xml,application/xml;q=0.9,image/avif,image/webp,image/apng,*/*;q=0.8,application/signed-exchange;v=b3;q=0.9',
    'HTTP_USER_AGENT' => 'Mozilla/5.0 (Windows NT 10.0; Win64; x64) AppleWebKit/537.36 (KHTML, like Gecko) Chrome/94.0.4606.71 Safari/537.36',
    'HTTP_UPGRADE_INSECURE_REQUESTS' => '1',
    'HTTP_CACHE_CONTROL' => 'max-age=0',
    'HTTP_CONNECTION' => 'keep-alive',
    'HTTP_HOST' => 'pmo.lli',
    'PATH_TRANSLATED' => '/app/web/index.php',
    'PATH_INFO' => '',
    'SCRIPT_FILENAME' => '/app/web/index.php',
    'REDIRECT_STATUS' => '200',
    'SERVER_NAME' => 'pmo.lli',
    'SERVER_PORT' => '80',
    'SERVER_ADDR' => '172.28.0.7',
    'REMOTE_PORT' => '58660',
    'REMOTE_ADDR' => '172.28.0.1',
    'SERVER_SOFTWARE' => 'nginx/1.21.3',
    'GATEWAY_INTERFACE' => 'CGI/1.1',
    'REQUEST_SCHEME' => 'http',
    'SERVER_PROTOCOL' => 'HTTP/1.1',
    'DOCUMENT_ROOT' => '/app/web',
    'DOCUMENT_URI' => '/index.php',
    'REQUEST_URI' => '/',
    'SCRIPT_NAME' => '/index.php',
    'CONTENT_LENGTH' => '',
    'CONTENT_TYPE' => '',
    'REQUEST_METHOD' => 'GET',
    'QUERY_STRING' => '',
    'FCGI_ROLE' => 'RESPONDER',
    'PHP_SELF' => '/index.php',
    'REQUEST_TIME_FLOAT' => 1633939724.704292,
    'REQUEST_TIME' => 1633939724,
    'argv' => [],
    'argc' => 0,
]" while reading upstream, client: 172.28.0.1, server: pmo.lli, request: "GET / HTTP/1.1", upstream: "fastcgi://172.28.0.6:9000", host: "pmo.lli"
2021/10/11 08:12:18 [error] 24#24: *3 FastCGI sent in stderr: "PHP message: An Error occurred while handling another error:
yii\base\InvalidArgumentException: Invalid path alias: @dektrium/rbac/views in /app/vendor/yiisoft/yii2/BaseYii.php:154
Stack trace:
#0 /app/vendor/yiisoft/yii2/base/Theme.php(144): yii\BaseYii::getAlias('@dektrium/rbac/...')
#1 /app/vendor/yiisoft/yii2/base/View.php(228): yii\base\Theme->applyTo('/app/vendor/yii...')
#2 /app/vendor/yiisoft/yii2/web/ErrorHandler.php(270): yii\base\View->renderFile('/app/vendor/yii...', Array, Object(yii\web\ErrorHandler))
#3 /app/vendor/yiisoft/yii2/web/ErrorHandler.php(127): yii\web\ErrorHandler->renderFile('@yii/views/erro...', Array)
#4 /app/vendor/yiisoft/yii2/base/ErrorHandler.php(135): yii\web\ErrorHandler->renderException(Object(yii\base\InvalidArgumentException))
#5 [internal function]: yii\base\ErrorHandler->handleException(Object(yii\base\InvalidArgumentException))
#6 {main}
Previous exception:
yii\base\InvalidArgumentException: Invalid path alias: @dektrium/rbac/views in /app/vendor/yiisoft/yii2/BaseYii.php:154
Stack trace:
#0 /app/vendor/yiisoft/yii2/base/Theme.php(144): yii\BaseYii::getAlias('@dektrium/rbac/...')
#1 /app/vendor/yiisoft/yii2/base/View.php(228): yii\base\Theme->applyTo('/app/views/site...')
#2 /app/vendor/yiisoft/yii2/base/View.php(156): yii\base\View->renderFile('/app/views/site...', Array, Object(app\controllers\SiteController))
#3 /app/vendor/yiisoft/yii2/base/Controller.php(410): yii\base\View->render('index', Array, Object(app\controllers\SiteController))
#4 /app/controllers/SiteController.php(64): yii\base\Controller->render('index')
#5 [internal function" while reading upstream, client: 172.28.0.1, server: pmo.lli, request: "GET / HTTP/1.1", upstream: "fastcgi://172.28.0.6:9000", host: "pmo.lli"
2021/10/11 08:12:18 [error] 24#24: *3 FastCGI sent in stderr: "]: app\controllers\SiteController->actionIndex()
#6 /app/vendor/yiisoft/yii2/base/InlineAction.php(57): call_user_func_array(Array, Array)
#7 /app/vendor/yiisoft/yii2/base/Controller.php(181): yii\base\InlineAction->runWithParams(Array)
#8 /app/vendor/yiisoft/yii2/base/Module.php(534): yii\base\Controller->runAction('', Array)
#9 /app/vendor/yiisoft/yii2/web/Application.php(104): yii\base\Module->runAction('', Array)
#10 /app/vendor/yiisoft/yii2/base/Application.php(392): yii\web\Application->handleRequest(Object(yii\web\Request))
#11 /app/web/index.php(12): yii\base\Application->run()
#12 {main}
$_SERVER = [
    'HOSTNAME' => '00d459125cee',
    'PHP_VERSION' => '8.0.11',
    'PHP_INI_DIR' => '/usr/local/etc/php',
    'GPG_KEYS' => '1729F83938DA44E27BA0F4D3DBDB397470D12172 BFDDD28642824F8118EF77909B67A5C12229118F',
    'PHP_LDFLAGS' => '-Wl,-O1 -pie',
    'PWD' => '/app',
    'TZ' => 'Europe/Moscow',
    'HOME' => '/var/www',
    'PHP_SHA256' => 'e3e5f764ae57b31eb65244a45512f0b22d7bef05f2052b23989c053901552e16',
    'PHPIZE_DEPS' => 'autoconf 		dpkg-dev 		file 		g++ 		gcc 		libc-dev 		make 		pkg-config 		re2c',
    'PHP_URL' => 'https://www.php.net/distributions/php-8.0.11.tar.xz',
    'PHP_EXTRA_CONFIGURE_ARGS' => '--enable-fpm --with-fpm-user=www-data --with-fpm-group=www-data --disable-cgi',
    'SHLVL' => '0',
    'PHP_CFLAGS' => '-fstack-protector-strong -fpic -fpie -O2 -D_LARGEFILE_SOURCE -D_FILE_OFFSET_BITS=64',
    'PATH' => '/usr/local/sbin:/usr/local/bin:/usr/sbin:/usr/bin:/sbin:/bin',
    'PHP_ASC_URL' => 'https://www.php.net/distributions/php-8.0.11.tar.xz.asc',
    'PHP_CPPFLAGS' => '-fstack-protector-strong -fpic -fpie -O2 -D_LARGEFILE_SOURCE -D_FILE_OFFSET_BITS=64',
    'OLDPWD' => '/var/www/html',
    '_' => '/usr/local/sbin/php-fpm',
    'USER' => 'www-data',
    'HTTP_ACCEPT_LANGUAGE' => 'ru,ru-RU;q=0.9,en-US;q=0.8,en;q=0.7',
    'HTTP_ACCEPT_ENCODING' => 'gzip, deflate',
    'HTTP_ACCEPT' => 'text/html,application/xhtml+xml,applic
2021/10/11 08:55:20 [error] 24#24: *45 FastCGI sent in stderr: "PHP message: An Error occurred while handling another error:
yii\base\InvalidConfigException: The "basePath" property must be set. in /app/vendor/yiisoft/yii2/base/Theme.php:138
Stack trace:
#0 /app/vendor/yiisoft/yii2/base/View.php(228): yii\base\Theme->applyTo('/app/vendor/yii...')
#1 /app/vendor/yiisoft/yii2/web/ErrorHandler.php(270): yii\base\View->renderFile('/app/vendor/yii...', Array, Object(yii\web\ErrorHandler))
#2 /app/vendor/yiisoft/yii2/web/ErrorHandler.php(127): yii\web\ErrorHandler->renderFile('@yii/views/erro...', Array)
#3 /app/vendor/yiisoft/yii2/base/ErrorHandler.php(135): yii\web\ErrorHandler->renderException(Object(yii\base\InvalidConfigException))
#4 [internal function]: yii\base\ErrorHandler->handleException(Object(yii\base\InvalidConfigException))
#5 {main}
Previous exception:
yii\base\InvalidConfigException: The "basePath" property must be set. in /app/vendor/yiisoft/yii2/base/Theme.php:138
Stack trace:
#0 /app/vendor/yiisoft/yii2/base/View.php(228): yii\base\Theme->applyTo('/app/vendor/yii...')
#1 /app/vendor/yiisoft/yii2/base/View.php(156): yii\base\View->renderFile('/app/vendor/yii...', Array, Object(yii\debug\controllers\DefaultController))
#2 /app/vendor/yiisoft/yii2/base/Controller.php(410): yii\base\View->render('view', Array, Object(yii\debug\controllers\DefaultController))
#3 /app/vendor/yiisoft/yii2-debug/src/controllers/DefaultController.php(127): yii\base\Controller->render('view', Array)
#4 [internal function]: yii\debug\controllers\DefaultController->actionView('6163fbf4e91c1', NULL)
#5 /app/vendor/yiisoft/yii2/b" while reading upstream, client: 172.28.0.1, server: pmo.lli, request: "GET /debug/default/view?tag=6163fbf4e91c1 HTTP/1.1", upstream: "fastcgi://172.28.0.6:9000", host: "pmo.lli", referrer: "http://pmo.lli/user/login"
2021/10/11 08:55:20 [error] 24#24: *45 FastCGI sent in stderr: "ase/InlineAction.php(57): call_user_func_array(Array, Array)
#6 /app/vendor/yiisoft/yii2/base/Controller.php(181): yii\base\InlineAction->runWithParams(Array)
#7 /app/vendor/yiisoft/yii2/base/Module.php(534): yii\base\Controller->runAction('view', Array)
#8 /app/vendor/yiisoft/yii2/web/Application.php(104): yii\base\Module->runAction('debug/default/v...', Array)
#9 /app/vendor/yiisoft/yii2/base/Application.php(392): yii\web\Application->handleRequest(Object(yii\web\Request))
#10 /app/web/index.php(12): yii\base\Application->run()
#11 {main}
$_SERVER = [
    'HOSTNAME' => '00d459125cee',
    'PHP_VERSION' => '8.0.11',
    'PHP_INI_DIR' => '/usr/local/etc/php',
    'GPG_KEYS' => '1729F83938DA44E27BA0F4D3DBDB397470D12172 BFDDD28642824F8118EF77909B67A5C12229118F',
    'PHP_LDFLAGS' => '-Wl,-O1 -pie',
    'PWD' => '/app',
    'TZ' => 'Europe/Moscow',
    'HOME' => '/var/www',
    'PHP_SHA256' => 'e3e5f764ae57b31eb65244a45512f0b22d7bef05f2052b23989c053901552e16',
    'PHPIZE_DEPS' => 'autoconf 		dpkg-dev 		file 		g++ 		gcc 		libc-dev 		make 		pkg-config 		re2c',
    'PHP_URL' => 'https://www.php.net/distributions/php-8.0.11.tar.xz',
    'PHP_EXTRA_CONFIGURE_ARGS' => '--enable-fpm --with-fpm-user=www-data --with-fpm-group=www-data --disable-cgi',
    'SHLVL' => '0',
    'PHP_CFLAGS' => '-fstack-protector-strong -fpic -fpie -O2 -D_LARGEFILE_SOURCE -D_FILE_OFFSET_BITS=64',
    'PATH' => '/usr/local/sbin:/usr/local/bin:/usr/sbin:/usr/bin:/sbin:/bin',
    'PHP_ASC_URL' => 'https://www.php.net/distributions/php-8.0.11.tar.xz.asc',
    'PHP_CPPFLAGS' => '-fstack-protector-strong -fpic -fpie -O2 -D_LARGEFILE_SOURCE -D_FILE_OFFSET_BITS=64',
    'OLDPWD' => '/var/www/html',
    '_' => '/usr/local/sbin/php-fpm',
    'USER' => 'www-data',
    'HTTP_COOKIE' => 'PHPSESSID=2bc40e985a1e6b253a3664d5cf82fa97; _csrf=2991dd8b373474e3ce998abc433cbe2c29581be2854b0a39a8ae897f2f8cb404a%3A2%3A%7Bi%3A0%3Bs%3A5%3A%22_csrf%22%3Bi%3A1%3Bs%3A32%3A%22jcS0YUWvG7CU6oHFq4bqU723ZfLO7ost%22
